RECORD=-42|LINENO=   0|OWNERPARTID= -42|OWNERINDEX= -42|HEADER=Protel for Windows - Schematic Capture Binary File Version 5.0|WEIGHT=81|
RECORD=31|LINENO=   1|OWNERPARTID= -42|OWNERINDEX= -42|AREACOLOR=16317695|BOLD2=T|BORDERON=T|CUSTOMX=1000|CUSTOMY=800|DISPLAY_UNIT=4|FONTIDCOUNT=3|FONTNAME1=Times New Roman|FONTNAME2=Times New Roman|FONTNAME3=Arial|HOTSPOTGRIDON=T|HOTSPOTGRIDSIZE=4|ISBOC=T|REFERENCEZONESON=T|SHEETNUMBERSPACESIZE=4|SHOWTEMPLATEGRAPHICS=T|SIZE1=10|SIZE2=10|SIZE3=10|SNAPGRIDON=T|SNAPGRIDSIZE=10|SYSTEMFONT=1|TEMPLATEFILENAME=C:\work\template\A4-ST-1.SCHDOT|USEMBCS=T|VISIBLEGRIDON=T|VISIBLEGRIDSIZE=10|
RECORD=39|LINENO=   2|OWNERPARTID=   0|OWNERINDEX= -42|FILENAME=C:\work\template\A4-ST-1.SCHDOT|
RECORD= 4|LINENO=   3|OWNERPARTID=   0|OWNERINDEX=   2|FONTID=1|LOCATION.X=1016|LOCATION.Y=2|LOCATION.Y_FRAC=61002|TEXT==sheetnumber|
RECORD= 4|LINENO=   4|OWNERPARTID=   0|OWNERINDEX=   2|FONTID=1|LOCATION.X=1041|LOCATION.Y=2|LOCATION.Y_FRAC=61002|TEXT==sheettotal|
RECORD= 4|LINENO=   5|OWNERPARTID=   0|OWNERINDEX=   2|FONTID=2|LOCATION.X=856|LOCATION.Y=48|TEXT==Title|
RECORD= 4|LINENO=   6|OWNERPARTID=   0|OWNERINDEX=   2|FONTID=1|LOCATION.X=928|LOCATION.Y=17|LOCATION.Y_FRAC=80486|TEXT==documentnumber|
RECORD= 4|LINENO=   7|OWNERPARTID=   0|OWNERINDEX=   2|FONTID=1|LOCATION.X=1028|LOCATION.Y=17|LOCATION.Y_FRAC=80486|TEXT==revision|
RECORD= 4|LINENO=   8|OWNERPARTID=   0|OWNERINDEX=   2|FONTID=1|LOCATION.X=855|LOCATION.Y=2|LOCATION.Y_FRAC=61002|TEXT==ModifiedDate|
RECORD= 6|LINENO=   9|OWNERPARTID=   0|OWNERINDEX=   2|LOCATIONCOUNT=2|X1=1070|X2=830|Y1=45|Y2=45|
RECORD= 6|LINENO=  10|OWNERPARTID=   0|OWNERINDEX=   2|LOCATIONCOUNT=2|X1=830|X2=1070|Y1=30|Y2=30|
RECORD= 6|LINENO=  11|OWNERPARTID=   0|OWNERINDEX=   2|LOCATIONCOUNT=2|X1=880|X2=880|Y1=30|Y2=15|
RECORD= 6|LINENO=  12|OWNERPARTID=   0|OWNERINDEX=   2|LOCATIONCOUNT=2|X1=985|X2=985|Y1=30|
RECORD= 6|LINENO=  13|OWNERPARTID=   0|OWNERINDEX=   2|LOCATIONCOUNT=2|X1=1070|X2=1070|Y1=60|
RECORD= 4|LINENO=  14|OWNERPARTID=   0|OWNERINDEX=   2|FONTID=1|LOCATION.X=833|LOCATION.Y=48|TEXT=Title:|
RECORD= 4|LINENO=  15|OWNERPARTID=   0|OWNERINDEX=   2|FONTID=1|LOCATION.X=833|LOCATION.Y=17|LOCATION.Y_FRAC=80486|TEXT=Size:|
RECORD= 4|LINENO=  16|OWNERPARTID=   0|OWNERINDEX=   2|FONTID=1|LOCATION.X=885|LOCATION.Y=17|LOCATION.Y_FRAC=80486|TEXT=Reference:|
RECORD= 4|LINENO=  17|OWNERPARTID=   0|OWNERINDEX=   2|FONTID=1|LOCATION.X=833|LOCATION.Y=2|LOCATION.Y_FRAC=61002|TEXT=Date:|
RECORD= 4|LINENO=  18|OWNERPARTID=   0|OWNERINDEX=   2|FONTID=1|LOCATION.X=990|LOCATION.Y=2|LOCATION.Y_FRAC=61002|TEXT=Sheet:|
RECORD= 4|LINENO=  19|OWNERPARTID=   0|OWNERINDEX=   2|FONTID=1|LOCATION.X=1029|LOCATION.Y=2|LOCATION.Y_FRAC=61002|TEXT=of|
RECORD= 4|LINENO=  20|OWNERPARTID=   0|OWNERINDEX=   2|FONTID=1|LOCATION.X=855|LOCATION.Y=17|LOCATION.Y_FRAC=80486|TEXT=A4|
RECORD= 6|LINENO=  21|OWNERPARTID=   0|OWNERINDEX=   2|LOCATIONCOUNT=2|X1=830|X2=1070|Y1=15|Y2=15|
RECORD= 4|LINENO=  22|OWNERPARTID=   0|OWNERINDEX=   2|FONTID=1|LOCATION.X=990|LOCATION.Y=17|LOCATION.Y_FRAC=80486|TEXT=Revision:|
RECORD=30|LINENO=  23|OWNERPARTID=   0|OWNERINDEX=   2|CORNER.X=1146|CORNER.X_FRAC=99999|CORNER.Y=55|CORNER.Y_FRAC=32257|EMBEDIMAGE=T|FILENAME=C:\Users\tguilhot\Documents\st_logo3.png|KEEPASPECT=T|LOCATION.X=1073|LOCATION.Y=4|
RECORD= 4|LINENO=  24|OWNERPARTID=   0|OWNERINDEX=   2|FONTID=2|LOCATION.X=864|LOCATION.Y=33|TEXT==Project|
RECORD= 4|LINENO=  25|OWNERPARTID=   0|OWNERINDEX=   2|FONTID=1|LOCATION.X=833|LOCATION.Y=33|TEXT=Project:|
RECORD= 6|LINENO=  26|OWNERPARTID=   0|OWNERINDEX=   2|LOCATIONCOUNT=2|X1=830|X2=830|Y1=60|
RECORD= 6|LINENO=  27|OWNERPARTID=   0|OWNERINDEX=   2|LOCATIONCOUNT=2|X1=1150|X2=830|Y1=60|Y2=60|
RECORD=41|LINENO=  28|OWNERPARTID=   0|OWNERINDEX= -42|FONTID=1|ISHIDDEN=T|NAME=CurrentTime|TEXT=*|UNIQUEID=FSFJTHLY|
RECORD=41|LINENO=  29|OWNERPARTID=   0|OWNERINDEX= -42|FONTID=1|ISHIDDEN=T|NAME=CurrentDate|TEXT=*|UNIQUEID=JXMUWGAF|
RECORD=41|LINENO=  30|OWNERPARTID=   0|OWNERINDEX= -42|FONTID=1|ISHIDDEN=T|NAME=Time|TEXT=*|UNIQUEID=BBALXRDC|
RECORD=41|LINENO=  31|OWNERPARTID=   0|OWNERINDEX= -42|FONTID=1|ISHIDDEN=T|NAME=Date|TEXT=*|UNIQUEID=THYSOXHA|
RECORD=41|LINENO=  32|OWNERPARTID=   0|OWNERINDEX= -42|FONTID=1|ISHIDDEN=T|NAME=DocumentFullPathAndName|TEXT=*|UNIQUEID=VIHQUHHL|
RECORD=41|LINENO=  33|OWNERPARTID=   0|OWNERINDEX= -42|FONTID=1|ISHIDDEN=T|NAME=DocumentName|TEXT=*|UNIQUEID=IBCHCBLJ|
RECORD=41|LINENO=  34|OWNERPARTID=   0|OWNERINDEX= -42|FONTID=1|ISHIDDEN=T|NAME=ModifiedDate|TEXT=*|UNIQUEID=THYSOXHA|
RECORD=41|LINENO=  35|OWNERPARTID=   0|OWNERINDEX= -42|FONTID=1|ISHIDDEN=T|NAME=ApprovedBy|TEXT=*|UNIQUEID=AHQYQPGX|
RECORD=41|LINENO=  36|OWNERPARTID=   0|OWNERINDEX= -42|FONTID=1|ISHIDDEN=T|NAME=CheckedBy|TEXT=*|UNIQUEID=IDJPLSSQ|
RECORD=41|LINENO=  37|OWNERPARTID=   0|OWNERINDEX= -42|FONTID=1|ISHIDDEN=T|NAME=Author|TEXT=*|UNIQUEID=DFWDSWAR|
RECORD=41|LINENO=  38|OWNERPARTID=   0|OWNERINDEX= -42|FONTID=1|ISHIDDEN=T|NAME=CompanyName|TEXT=*|UNIQUEID=HONNUMVA|
RECORD=41|LINENO=  39|OWNERPARTID=   0|OWNERINDEX= -42|FONTID=1|ISHIDDEN=T|NAME=DrawnBy|TEXT=*|UNIQUEID=SSATHDBI|
RECORD=41|LINENO=  40|OWNERPARTID=   0|OWNERINDEX= -42|FONTID=1|ISHIDDEN=T|NAME=Engineer|TEXT=*|UNIQUEID=FREROFQO|
RECORD=41|LINENO=  41|OWNERPARTID=   0|OWNERINDEX= -42|FONTID=1|ISHIDDEN=T|NAME=Organization|TEXT=*|UNIQUEID=PFFKDPBG|
RECORD=41|LINENO=  42|OWNERPARTID=   0|OWNERINDEX= -42|FONTID=1|ISHIDDEN=T|NAME=Address1|TEXT=*|UNIQUEID=FBCMWLAI|
RECORD=41|LINENO=  43|OWNERPARTID=   0|OWNERINDEX= -42|FONTID=1|ISHIDDEN=T|NAME=Address2|TEXT=*|UNIQUEID=UXRGTUFL|
RECORD=41|LINENO=  44|OWNERPARTID=   0|OWNERINDEX= -42|FONTID=1|ISHIDDEN=T|NAME=Address3|TEXT=*|UNIQUEID=NGJGATXY|
RECORD=41|LINENO=  45|OWNERPARTID=   0|OWNERINDEX= -42|FONTID=1|ISHIDDEN=T|NAME=Address4|TEXT=*|UNIQUEID=MFBUDAKM|
RECORD=41|LINENO=  46|OWNERPARTID=   0|OWNERINDEX= -42|FONTID=1|ISHIDDEN=T|NAME=Title|TEXT=TOP|UNIQUEID=KKKHWFUT|
RECORD=41|LINENO=  47|OWNERPARTID=   0|OWNERINDEX= -42|FONTID=1|ISHIDDEN=T|NAME=DocumentNumber|TEXT=MB1180|UNIQUEID=PGIBCRMN|
RECORD=41|LINENO=  48|OWNERPARTID=   0|OWNERINDEX= -42|FONTID=1|ISHIDDEN=T|NAME=Revision|TEXT=C.1|UNIQUEID=OOCTVTLK|
RECORD=41|LINENO=  49|OWNERPARTID=   0|OWNERINDEX= -42|FONTID=1|ISHIDDEN=T|NAME=SheetNumber|TEXT=1|UNIQUEID=KHFIGUHC|
RECORD=41|LINENO=  50|OWNERPARTID=   0|OWNERINDEX= -42|FONTID=1|ISHIDDEN=T|NAME=SheetTotal|TEXT=3|UNIQUEID=BDGQFQJC|
RECORD=41|LINENO=  51|OWNERPARTID=   0|OWNERINDEX= -42|FONTID=1|ISHIDDEN=T|NAME=Rule|TEXT=*|UNIQUEID=JFHHQOCD|
RECORD=41|LINENO=  52|OWNERPARTID=   0|OWNERINDEX= -42|FONTID=1|ISHIDDEN=T|NAME=ImagePath|TEXT=*|UNIQUEID=WFMQCYYF|
RECORD=41|LINENO=  53|OWNERPARTID=   0|OWNERINDEX= -42|FONTID=1|ISHIDDEN=T|NAME=Project|TEXT=NUCLEO32|UNIQUEID=VOLUDFVC|
RECORD=28|LINENO=  54|OWNERPARTID=   0|OWNERINDEX= -42|ALIGNMENT=1|AREACOLOR=65535|CLIPTORECT=T|CORNER.X=1150|CORNER.Y=100|FONTID=3|ISSOLID=T|LOCATION.X=830|LOCATION.Y=60|SHOWBORDER=T|TEXT=REV B: SB14 changed to JP1 Jumper for easy IDD measurement, and enlarge board length; CN1 USB PN changed to Micro-B for Device.~1REV C: Add SB18/SB16 for connecting D4/D5 to A4/A5~1|WORDWRAP=T|
RECORD=15|LINENO=  55|OWNERPARTID=   0|OWNERINDEX= -42|AREACOLOR=8454016|ISSOLID=T|LOCATION.X=260|LOCATION.Y=390|SYMBOLTYPE=Normal|UNIQUEID=JXXCNDEX|XSIZE=150|YSIZE=100|
RECORD=16|LINENO=  56|OWNERPARTID=   0|OWNERINDEX=  55|AREACOLOR=8454143|ARROWKIND=Block & Triangle|DISTANCEFROMTOP=6|NAME=MCO|SIDE=1|TEXTCOLOR=128|TEXTFONTID=1|TEXTSTYLE=Full|
RECORD=16|LINENO=  57|OWNERPARTID=   0|OWNERINDEX=  55|AREACOLOR=8454143|ARROWKIND=Block & Triangle|DISTANCEFROMTOP=1|IOTYPE=1|NAME=VCP_TX|SIDE=1|STYLE=2|TEXTCOLOR=128|TEXTFONTID=1|TEXTSTYLE=Full|
RECORD=16|LINENO=  58|OWNERPARTID=   0|OWNERINDEX=  55|AREACOLOR=8454143|ARROWKIND=Block & Triangle|DISTANCEFROMTOP=4|NAME=SWCLK|SIDE=1|TEXTCOLOR=128|TEXTFONTID=1|TEXTSTYLE=Full|
RECORD=16|LINENO=  59|OWNERPARTID=   0|OWNERINDEX=  55|AREACOLOR=8454143|ARROWKIND=Block & Triangle|DISTANCEFROMTOP=5|NAME=SWDIO|SIDE=1|TEXTCOLOR=128|TEXTFONTID=1|TEXTSTYLE=Full|
RECORD=16|LINENO=  60|OWNERPARTID=   0|OWNERINDEX=  55|AREACOLOR=8454143|ARROWKIND=Block & Triangle|DISTANCEFROMTOP=2|IOTYPE=2|NAME=VCP_RX|SIDE=1|STYLE=2|TEXTCOLOR=128|TEXTFONTID=1|TEXTSTYLE=Full|
RECORD=16|LINENO=  61|OWNERPARTID=   0|OWNERINDEX=  55|AREACOLOR=8454143|ARROWKIND=Block & Triangle|DISTANCEFROMTOP=8|NAME=NRST|SIDE=1|STYLE=3|TEXTCOLOR=128|TEXTFONTID=1|TEXTSTYLE=Full|
RECORD=32|LINENO=  62|OWNERPARTID=   0|OWNERINDEX=  55|FONTID=1|LOCATION.X=260|LOCATION.Y=400|TEXT=U_MCU_32|
RECORD=33|LINENO=  63|OWNERPARTID=   0|OWNERINDEX=  55|FONTID=1|LOCATION.X=260|LOCATION.Y=390|TEXT=MCU_32.SchDoc|
RECORD=15|LINENO=  64|OWNERPARTID=   0|OWNERINDEX= -42|AREACOLOR=8454016|ISSOLID=T|LOCATION.X=540|LOCATION.Y=390|SYMBOLTYPE=Normal|UNIQUEID=CIYDOLWE|XSIZE=150|YSIZE=100|
RECORD=16|LINENO=  65|OWNERPARTID=   0|OWNERINDEX=  64|AREACOLOR=8454143|ARROWKIND=Block & Triangle|DISTANCEFROMTOP=5|NAME=TMS|TEXTCOLOR=128|TEXTFONTID=1|TEXTSTYLE=Full|
RECORD=16|LINENO=  66|OWNERPARTID=   0|OWNERINDEX=  64|AREACOLOR=8454143|ARROWKIND=Block & Triangle|DISTANCEFROMTOP=4|NAME=TCK|TEXTCOLOR=128|TEXTFONTID=1|TEXTSTYLE=Full|
RECORD=16|LINENO=  67|OWNERPARTID=   0|OWNERINDEX=  64|AREACOLOR=8454143|ARROWKIND=Block & Triangle|DISTANCEFROMTOP=6|NAME=MCO|TEXTCOLOR=128|TEXTFONTID=1|TEXTSTYLE=Full|
RECORD=16|LINENO=  68|OWNERPARTID=   0|OWNERINDEX=  64|AREACOLOR=8454143|ARROWKIND=Block & Triangle|DISTANCEFROMTOP=8|NAME=NRST|TEXTCOLOR=128|TEXTFONTID=1|TEXTSTYLE=Full|
RECORD=16|LINENO=  69|OWNERPARTID=   0|OWNERINDEX=  64|AREACOLOR=8454143|ARROWKIND=Block & Triangle|DISTANCEFROMTOP=1|IOTYPE=2|NAME=STLK_RX|STYLE=2|TEXTCOLOR=128|TEXTFONTID=1|TEXTSTYLE=Full|
RECORD=16|LINENO=  70|OWNERPARTID=   0|OWNERINDEX=  64|AREACOLOR=8454143|ARROWKIND=Block & Triangle|DISTANCEFROMTOP=2|IOTYPE=1|NAME=STLK_TX|STYLE=2|TEXTCOLOR=128|TEXTFONTID=1|TEXTSTYLE=Full|
RECORD=16|LINENO=  71|OWNERPARTID=   0|OWNERINDEX=  64|AREACOLOR=8454143|ARROWKIND=Block & Triangle|DISTANCEFROMTOP=4|NAME=SWO|SIDE=1|TEXTCOLOR=128|TEXTFONTID=1|TEXTSTYLE=Full|
RECORD=32|LINENO=  72|OWNERPARTID=   0|OWNERINDEX=  64|FONTID=1|LOCATION.X=540|LOCATION.Y=400|TEXT=U_ST_LINK_V2-1|
RECORD=33|LINENO=  73|OWNERPARTID=   0|OWNERINDEX=  64|FONTID=1|LOCATION.X=540|LOCATION.Y=390|TEXT=ST_LINK_V2-1.SCHDOC|
RECORD=27|LINENO=  74|OWNERPARTID=   0|OWNERINDEX= -42|LINEWIDTH=1|LOCATIONCOUNT=2|X1=410|X2=540|Y1=380|Y2=380|
RECORD=27|LINENO=  75|OWNERPARTID=   0|OWNERINDEX= -42|LINEWIDTH=1|LOCATIONCOUNT=2|X1=410|X2=540|Y1=370|Y2=370|
RECORD=27|LINENO=  76|OWNERPARTID=   0|OWNERINDEX= -42|LINEWIDTH=1|LOCATIONCOUNT=2|X1=410|X2=540|Y1=350|Y2=350|
RECORD=27|LINENO=  77|OWNERPARTID=   0|OWNERINDEX= -42|LINEWIDTH=1|LOCATIONCOUNT=2|X1=410|X2=540|Y1=330|Y2=330|
RECORD=27|LINENO=  78|OWNERPARTID=   0|OWNERINDEX= -42|LINEWIDTH=1|LOCATIONCOUNT=2|X1=410|X2=540|Y1=310|Y2=310|
RECORD=27|LINENO=  79|OWNERPARTID=   0|OWNERINDEX= -42|LINEWIDTH=1|LOCATIONCOUNT=2|X1=410|X2=540|Y1=340|Y2=340|
RECORD=41|LINENO=  80|OWNERPARTID=   0|OWNERINDEX= -42|FONTID=1|ISHIDDEN=T|NAME=ProjectName|TEXT=*|UNIQUEID=BLRGFKKB|
RECORD=22|LINENO=  81|OWNERPARTID=   0|OWNERINDEX= -42|LOCATION.X=690|LOCATION.Y=350|
